<?xml version="1.0" encoding="UTF-8"?>
<!-- Generated by org.testng.reporters.JUnitReportReporter -->
<testsuite hostname="DESKTOP-JQLCBTF" failures="0" tests="1" name="pomPractise.admin.VerifySupplierInProductModule_SysyemTest" time="15.307" errors="0" timestamp="2023-08-09T13:20:31 IST" skipped="0">
  <testcase classname="pomPractise.admin.VerifySupplierInProductModule_SysyemTest" name="viewSupplierInAddProductPage" time="15.307"/>
  <system-out/>
</testsuite> <!-- pomPractise.admin.VerifySupplierInProductModule_SysyemTest -->
