<?xml version="1.0" encoding="UTF-8"?>
<!-- Generated by org.testng.reporters.JUnitReportReporter -->
<testsuite hostname="DESKTOP-JQLCBTF" failures="0" tests="1" name="practice.BaseClassTest" time="6.509" errors="0" timestamp="2023-08-07T14:57:11 IST" skipped="0">
  <testcase classname="practice.BaseClassTest" name="createProduct" time="6.509"/>
  <system-out/>
</testsuite> <!-- practice.BaseClassTest -->
