<?xml version="1.0" encoding="UTF-8"?>
<!-- Generated by org.testng.reporters.JUnitReportReporter -->
<testsuite hostname="DESKTOP-JQLCBTF" failures="0" tests="1" name="pomPractise.VerifySupplierInProductPage_SysyemTest" time="17.365" errors="0" timestamp="2023-08-08T13:11:36 IST" skipped="0">
  <testcase classname="pomPractise.VerifySupplierInProductPage_SysyemTest" name="viewSupplierInAddProductPage" time="17.365"/>
  <system-out/>
</testsuite> <!-- pomPractise.VerifySupplierInProductPage_SysyemTest -->
