<?xml version="1.0" encoding="UTF-8"?>
<!-- Generated by org.testng.reporters.JUnitReportReporter -->
<testsuite hostname="DESKTOP-JQLCBTF" failures="0" tests="2" name="practice.AnnotationTest" time="0.031" errors="0" timestamp="2023-08-07T16:20:26 IST" skipped="0">
  <testcase classname="practice.AnnotationTest" name="test2" time="0.007"/>
  <system-out/>
  <testcase classname="practice.AnnotationTest" name="addCustomer" time="0.024"/>
  <system-out/>
</testsuite> <!-- practice.AnnotationTest -->
