<?xml version="1.0" encoding="UTF-8"?>
<!-- Generated by org.testng.reporters.JUnitReportReporter -->
<testsuite hostname="DESKTOP-JQLCBTF" failures="0" tests="1" name="pomPractise.AccountModuleSmokePomTest" time="13.057" errors="0" timestamp="2023-08-08T15:45:41 IST" skipped="0">
  <testcase classname="pomPractise.AccountModuleSmokePomTest" name="AddAnUserAccount" time="13.057"/>
  <system-out/>
</testsuite> <!-- pomPractise.AccountModuleSmokePomTest -->
