<?xml version="1.0" encoding="UTF-8"?>
<!-- Generated by org.testng.reporters.JUnitReportReporter -->
<testsuite hostname="DESKTOP-JQLCBTF" failures="0" tests="8" name="testNG.TestNG_Practice" time="0.052" errors="0" timestamp="2023-08-04T15:13:46 IST" skipped="0">
  <testcase classname="testNG.TestNG_Practice" name="getData" time="0.003"/>
  <system-out/>
  <testcase classname="testNG.TestNG_Practice" name="productPage" time="0.027"/>
  <system-out/>
  <testcase classname="testNG.TestNG_Practice" name="getData" time="0.003"/>
  <system-out/>
  <testcase classname="testNG.TestNG_Practice" name="getData" time="0.004"/>
  <system-out/>
  <testcase classname="testNG.TestNG_Practice" name="customerPage" time="0.006"/>
  <system-out/>
  <testcase classname="testNG.TestNG_Practice" name="inventoryList" time="0.002"/>
  <system-out/>
  <testcase classname="testNG.TestNG_Practice" name="getData" time="0.003"/>
  <system-out/>
  <testcase classname="testNG.TestNG_Practice" name="getData" time="0.004"/>
  <system-out/>
</testsuite> <!-- testNG.TestNG_Practice -->
