<?xml version="1.0" encoding="UTF-8"?>
<!-- Generated by org.testng.reporters.JUnitReportReporter -->
<testsuite hostname="DESKTOP-JQLCBTF" failures="0" tests="1" name="practice.AssertionTest" time="65.887" errors="0" timestamp="2023-08-09T12:18:36 IST" skipped="0">
  <testcase classname="practice.AssertionTest" name="titleTest" time="65.887"/>
  <system-out/>
</testsuite> <!-- practice.AssertionTest -->
