<?xml version="1.0" encoding="UTF-8"?>
<!-- Generated by org.testng.reporters.JUnitReportReporter -->
<testsuite hostname="DESKTOP-JQLCBTF" failures="0" tests="1" name="pomPractise.SupplierModule_SmokeTest" time="8.991" errors="0" timestamp="2023-08-08T15:45:41 IST" skipped="0">
  <testcase classname="pomPractise.SupplierModule_SmokeTest" name="viewTheSupplierList" time="8.991"/>
  <system-out/>
</testsuite> <!-- pomPractise.SupplierModule_SmokeTest -->
