<?xml version="1.0" encoding="UTF-8"?>
<!-- Generated by org.testng.reporters.JUnitReportReporter -->
<testsuite hostname="DESKTOP-JQLCBTF" failures="0" tests="1" name="pomPractise.VerifySupplierInProductModule_SysyemTest" time="16.686" errors="0" timestamp="2023-08-08T15:45:41 IST" skipped="0">
  <testcase classname="pomPractise.VerifySupplierInProductModule_SysyemTest" name="viewSupplierInAddProductPage" time="16.686"/>
  <system-out/>
</testsuite> <!-- pomPractise.VerifySupplierInProductModule_SysyemTest -->
