<?xml version="1.0" encoding="UTF-8"?>
<!-- Generated by org.testng.reporters.JUnitReportReporter -->
<testsuite hostname="DESKTOP-JQLCBTF" failures="0" tests="1" name="practice.CommandLineTest" time="23.958" errors="0" timestamp="2023-07-28T17:29:07 IST" skipped="0">
  <testcase classname="practice.CommandLineTest" name="readDataFromCommandLine" time="23.958"/>
  <system-out/>
</testsuite> <!-- practice.CommandLineTest -->
