<?xml version="1.0" encoding="UTF-8"?>
<!-- Generated by org.testng.reporters.JUnitReportReporter -->
<testsuite hostname="DESKTOP-JQLCBTF" failures="0" tests="1" name="pomPractise.InventoryModule_SystemTest" time="24.976" errors="0" timestamp="2023-08-08T15:45:41 IST" skipped="0">
  <testcase classname="pomPractise.InventoryModule_SystemTest" name="checkAProductInInventoryList" time="24.976"/>
  <system-out/>
</testsuite> <!-- pomPractise.InventoryModule_SystemTest -->
