<?xml version="1.0" encoding="UTF-8"?>
<!-- Generated by org.testng.reporters.JUnitReportReporter -->
<testsuite hostname="DESKTOP-JQLCBTF" failures="0" tests="1" name="pomPractise.user.ProductCategory_SmokeTest" time="14.527" errors="0" timestamp="2023-08-09T12:38:09 IST" skipped="0">
  <testcase classname="pomPractise.user.ProductCategory_SmokeTest" name="AddAndRemoveProductsFromPOS" time="14.527"/>
  <system-out/>
</testsuite> <!-- pomPractise.user.ProductCategory_SmokeTest -->
