<?xml version="1.0" encoding="UTF-8"?>
<!-- Generated by org.testng.reporters.JUnitReportReporter -->
<testsuite hostname="DESKTOP-JQLCBTF" failures="0" tests="7" name="testNG.DataProvider_GenericTest" time="0.051" errors="0" timestamp="2023-08-04T17:25:19 IST" skipped="0">
  <testcase classname="testNG.DataProvider_GenericTest" name="fetchData" time="0.005"/>
  <system-out/>
  <testcase classname="testNG.DataProvider_GenericTest" name="fetchData" time="0.005"/>
  <system-out/>
  <testcase classname="testNG.DataProvider_GenericTest" name="fetchData" time="0.009"/>
  <system-out/>
  <testcase classname="testNG.DataProvider_GenericTest" name="fetchData" time="0.007"/>
  <system-out/>
  <testcase classname="testNG.DataProvider_GenericTest" name="fetchData" time="0.017"/>
  <system-out/>
  <testcase classname="testNG.DataProvider_GenericTest" name="fetchData" time="0.004"/>
  <system-out/>
  <testcase classname="testNG.DataProvider_GenericTest" name="fetchData" time="0.004"/>
  <system-out/>
</testsuite> <!-- testNG.DataProvider_GenericTest -->
