<?xml version="1.0" encoding="UTF-8"?>
<!-- Generated by org.testng.reporters.JUnitReportReporter -->
<testsuite hostname="DESKTOP-JQLCBTF" failures="0" tests="1" name="practice.HardAssertTest" time="0.043" errors="0" timestamp="2023-08-09T12:05:23 IST" skipped="0">
  <testcase classname="practice.HardAssertTest" name="hardAssert" time="0.043"/>
  <system-out/>
</testsuite> <!-- practice.HardAssertTest -->
