<?xml version="1.0" encoding="UTF-8"?>
<!-- Generated by org.testng.reporters.JUnitReportReporter -->
<testsuite hostname="DESKTOP-JQLCBTF" failures="0" tests="7" name="testNG.DataPro_ExcelTest" time="0.069" errors="0" timestamp="2023-08-04T17:11:46 IST" skipped="0">
  <testcase classname="testNG.DataPro_ExcelTest" name="readData" time="0.005"/>
  <system-out/>
  <testcase classname="testNG.DataPro_ExcelTest" name="readData" time="0.004"/>
  <system-out/>
  <testcase classname="testNG.DataPro_ExcelTest" name="readData" time="0.005"/>
  <system-out/>
  <testcase classname="testNG.DataPro_ExcelTest" name="readData" time="0.016"/>
  <system-out/>
  <testcase classname="testNG.DataPro_ExcelTest" name="readData" time="0.012"/>
  <system-out/>
  <testcase classname="testNG.DataPro_ExcelTest" name="readData" time="0.007"/>
  <system-out/>
  <testcase classname="testNG.DataPro_ExcelTest" name="readData" time="0.020"/>
  <system-out/>
</testsuite> <!-- testNG.DataPro_ExcelTest -->
