<?xml version="1.0" encoding="UTF-8"?>
<!-- Generated by org.testng.reporters.JUnitReportReporter -->
<testsuite hostname="DESKTOP-JQLCBTF" failures="0" tests="1" name="pomPractise.ProductModule_SystemTest" time="25.126" errors="0" timestamp="2023-08-08T15:45:41 IST" skipped="0">
  <testcase classname="pomPractise.ProductModule_SystemTest" name="addAProduct" time="25.126"/>
  <system-out/>
</testsuite> <!-- pomPractise.ProductModule_SystemTest -->
